TN:
SF:src\jsFundamentals\addTwoPromises.ts
FN:3,addTwoPromises
FN:12,(anonymous_16)
FN:13,(anonymous_17)
FN:15,(anonymous_18)
FN:16,(anonymous_19)
FN:23,(anonymous_20)
FN:24,(anonymous_21)
FN:26,(anonymous_22)
FN:27,(anonymous_23)
FNF:9
FNH:9
FNDA:6,addTwoPromises
FNDA:1,(anonymous_16)
FNDA:1,(anonymous_17)
FNDA:1,(anonymous_18)
FNDA:1,(anonymous_19)
FNDA:1,(anonymous_20)
FNDA:1,(anonymous_21)
FNDA:1,(anonymous_22)
FNDA:1,(anonymous_23)
DA:3,1
DA:7,6
DA:8,6
DA:12,1
DA:13,1
DA:15,1
DA:16,1
DA:23,1
DA:24,1
DA:26,1
DA:27,1
LF:11
LH:11
BRDA:7,0,0,6
BRF:1
BRH:1
end_of_record
TN:
SF:src\leet_code_questions\findIndexOfFirstOccurrenceInString.ts
FN:1,strStr
FN:24,strStr2
FN:51,buildLPS
FN:74,benchmark
FNF:4
FNH:4
FNDA:8,strStr
FNDA:8,strStr2
FNDA:7,buildLPS
FNDA:1,benchmark
DA:1,1
DA:2,8
DA:4,8
DA:5,26
DA:6,4
DA:7,4
DA:8,10010008
DA:9,1
DA:10,1
DA:14,4
DA:15,3
DA:16,3
DA:21,8
DA:24,1
DA:25,8
DA:27,7
DA:28,7
DA:29,7
DA:31,7
DA:32,10010021
DA:33,10010007
DA:34,10010007
DA:37,10010021
DA:38,3
DA:39,10010018
DA:40,15
DA:41,1
DA:43,14
DA:48,4
DA:52,7
DA:53,7
DA:54,7
DA:56,7
DA:57,10010024
DA:58,10009999
DA:59,10009999
DA:60,10009999
DA:62,25
DA:63,1
DA:65,24
DA:66,24
DA:71,7
DA:75,1
DA:76,1
DA:79,1
DA:83,1
DA:94,1
LF:47
LH:47
BRDA:5,0,0,4
BRDA:8,1,0,1
BRDA:14,2,0,3
BRDA:25,3,0,1
BRDA:32,4,0,10010007
BRDA:37,5,0,3
BRDA:37,5,1,10010018
BRDA:39,6,0,15
BRDA:39,7,0,10010018
BRDA:39,7,1,10010018
BRDA:40,8,0,1
BRDA:40,8,1,14
BRDA:57,9,0,10009999
BRDA:57,9,1,25
BRDA:62,10,0,1
BRDA:62,10,1,24
BRF:16
BRH:16
end_of_record
TN:
SF:src\leet_code_questions\longestCommonPrefix.ts
FN:1,longestCommonPrefix
FN:8,(anonymous_2)
FNF:2
FNH:2
FNDA:10,longestCommonPrefix
FNDA:51,(anonymous_2)
DA:1,1
DA:2,10
DA:4,10
DA:5,1
DA:7,22
DA:8,51
DA:11,18
DA:13,9
LF:8
LH:8
BRDA:4,0,0,1
BRDA:8,1,0,4
BRF:2
BRH:2
end_of_record
TN:
SF:src\leet_code_questions\mergeSortedArray.ts
FN:4,merge
FNF:1
FNH:1
FNDA:9,merge
DA:4,1
DA:10,9
DA:11,9
DA:12,9
DA:14,9
DA:15,27
DA:16,7
DA:17,7
DA:19,20
DA:20,20
DA:22,27
DA:26,9
DA:27,4
DA:28,4
DA:29,4
DA:34,1
DA:35,1
DA:36,1
DA:37,1
DA:38,1
LF:20
LH:20
BRDA:14,0,0,36
BRDA:14,0,1,34
BRDA:15,1,0,7
BRDA:15,1,1,20
BRF:4
BRH:4
end_of_record
TN:
SF:src\leet_code_questions\mergeTwoSortedLists.ts
FN:1,(anonymous_0)
FN:5,ListNode
FN:11,mergeTwoLists
FN:44,printList
FNF:4
FNH:4
FNDA:1,(anonymous_0)
FNDA:29,ListNode
FNDA:6,mergeTwoLists
FNDA:1,printList
DA:1,1
DA:6,29
DA:7,29
DA:9,1
DA:11,1
DA:15,6
DA:16,6
DA:18,6
DA:19,14
DA:20,8
DA:21,8
DA:23,6
DA:24,6
DA:26,14
DA:29,6
DA:30,1
DA:32,5
DA:35,6
DA:39,1
DA:40,1
DA:42,1
DA:45,1
DA:46,1
DA:47,6
DA:51,1
LF:25
LH:25
BRDA:6,0,0,6
BRDA:6,0,1,23
BRDA:7,1,0,25
BRDA:7,1,1,4
BRDA:18,2,0,20
BRDA:18,2,1,15
BRDA:19,3,0,8
BRDA:19,3,1,6
BRDA:29,4,0,1
BRDA:29,4,1,5
BRF:10
BRH:10
end_of_record
TN:
SF:src\leet_code_questions\removeDulplicatesFromSortedArray.ts
FN:1,removeDuplicates
FNF:1
FNH:1
FNDA:9,removeDuplicates
DA:1,1
DA:2,9
DA:4,8
DA:6,8
DA:7,20029
DA:8,15
DA:9,15
DA:13,8
DA:17,1
DA:18,1
DA:22,1
DA:23,1
LF:12
LH:12
BRDA:2,0,0,1
BRDA:7,1,0,15
BRF:2
BRH:2
end_of_record
TN:
SF:src\leet_code_questions\removeElementInPlace.ts
FN:1,removeElement
FNF:1
FNH:1
FNDA:7,removeElement
DA:1,1
DA:2,7
DA:4,7
DA:5,41
DA:6,23
DA:7,23
DA:11,7
DA:15,1
DA:16,1
DA:17,1
DA:21,1
DA:22,1
DA:23,1
LF:13
LH:13
BRDA:5,0,0,23
BRF:1
BRH:1
end_of_record
TN:
SF:src\leet_code_questions\romanToInteger.ts
FN:1,romanToInt
FNF:1
FNH:1
FNDA:16,romanToInt
DA:1,1
DA:2,16
DA:12,16
DA:13,16
DA:14,34
DA:15,34
DA:17,34
DA:18,9
DA:20,25
DA:24,16
LF:10
LH:10
BRDA:17,0,0,9
BRDA:17,0,1,25
BRDA:17,1,0,34
BRDA:17,1,1,18
BRF:4
BRH:4
end_of_record
TN:
SF:src\leet_code_questions\searchInsertPosition.ts
FN:1,searchInsert
FNF:1
FNH:1
FNDA:10,searchInsert
DA:1,1
DA:2,10
DA:3,10
DA:5,10
DA:6,20
DA:8,20
DA:9,3
DA:10,17
DA:11,12
DA:13,5
DA:17,7
LF:11
LH:11
BRDA:8,0,0,3
BRDA:8,0,1,17
BRDA:10,1,0,12
BRDA:10,1,1,5
BRF:4
BRH:4
end_of_record
TN:
SF:src\leet_code_questions\validParentheses.ts
FN:1,isValid
FNF:1
FNH:1
FNDA:11,isValid
DA:1,1
DA:2,11
DA:3,11
DA:9,48
DA:10,48
DA:11,26
DA:13,22
DA:14,22
DA:15,4
DA:20,7
LF:10
LH:10
BRDA:10,0,0,26
BRDA:10,0,1,22
BRDA:10,1,0,48
BRDA:10,1,1,37
BRDA:10,1,2,30
BRDA:14,2,0,4
BRF:6
BRH:6
end_of_record
